*** Version 2 ***
17:36 30.10.2016

* Добавлена поддержка UTF-8.
Теперь результат не содержит кракозябр из-за кодировки cp1215 
(Ошибочное суждение. См. V_?)

-------------------------------------------------


*** Version 3 ***
18:28 30.10.2016

* Добавлена обработка ошибки пустого ввода URL-поля.
Перестроен класс Connector_2.
* Исправление появления неожиданного "null" в выводе.
Незначительное улучшение кода.

-------------------------------------------------


*** Version 4 ***
20:00 30.10.2016

* Новая функция - показать заголовки ответа сервера
* Исправление ошибки v_2
Введение типа ошибки UrlException для CallError

------------------------------------------------- 


*** Version 5 ***
20:27 30.10.2016

* Новая функция - получить cookies от сервера и вставить в предназначенное поле 

-------------------------------------------------

*** Version 5.0.1 ***
10:19 31.10.2016

Исправление недочетов с кодировкой, не передаваемой в ответе сервера

-------------------------------------------------